Using pre-set license
Built from '2021.1/staging' branch; Version is '2021.1.22f1 (a137e5fb0427) revision 10565605'; Using compiler version '192528614'; Build Type 'Release'
OS: 'Windows 10 Pro; OS build 18362.476; Version 1903; 64bit' Language: 'en' Physical Memory: 32715 MB
BatchMode: 1, IsHumanControllingUs: 0, StartBugReporterOnCrash: 0, Is64bit: 1, IsPro: 0

COMMAND LINE ARGUMENTS:
E:\Unity\Editors\2021.1.22f1\Editor\Unity.exe
-adb2
-batchMode
-noUpm
-name
AssetImportWorker0
-projectPath
E:/Unity/Projects/LSW Interview/Project Files
-logFile
Logs/AssetImportWorker0.log
-srvPort
52093
Successfully changed project path to: E:/Unity/Projects/LSW Interview/Project Files
E:/Unity/Projects/LSW Interview/Project Files
Using Asset Import Pipeline V2.
Refreshing native plugins compatible for Editor in 35.89 ms, found 3 plugins.
Preloading 0 native plugins for Editor in 0.00 ms.
Initialize engine version: 2021.1.22f1 (a137e5fb0427)
[Subsystems] Discovering subsystems at path E:/Unity/Editors/2021.1.22f1/Editor/Data/Resources/UnitySubsystems
[Subsystems] Discovering subsystems at path E:/Unity/Projects/LSW Interview/Project Files/Assets
GfxDevice: creating device client; threaded=0; jobified=0
Direct3D:
    Version:  Direct3D 11.0 [level 11.1]
    Renderer: AMD Radeon RX 5700 (ID=0x731f)
    Vendor:   ATI
    VRAM:     8151 MB
    Driver:   30.0.13017.1004
Initialize mono
Mono path[0] = 'E:/Unity/Editors/2021.1.22f1/Editor/Data/Managed'
Mono path[1] = 'E:/Unity/Editors/2021.1.22f1/Editor/Data/MonoBleedingEdge/lib/mono/unityjit'
Mono config path = 'E:/Unity/Editors/2021.1.22f1/Editor/Data/MonoBleedingEdge/etc'
Using monoOptions --debugger-agent=transport=dt_socket,embedding=1,server=y,suspend=n,address=127.0.0.1:56192
Begin MonoManager ReloadAssembly
Registering precompiled unity dll's ...
Register platform support module: E:/Unity/Editors/2021.1.22f1/Editor/Data/PlaybackEngines/WebGLSupport/UnityEditor.WebGL.Extensions.dll
Register platform support module: E:/Unity/Editors/2021.1.22f1/Editor/Data/PlaybackEngines/WindowsStandaloneSupport/UnityEditor.WindowsStandalone.Extensions.dll
Registered in 0.000817 seconds.
Native extension for WindowsStandalone target not found
Native extension for WebGL target not found
Refreshing native plugins compatible for Editor in 36.73 ms, found 3 plugins.
Preloading 0 native plugins for Editor in 0.00 ms.
Mono: successfully reloaded assembly
- Completed reload, in  0.980 seconds
Domain Reload Profiling:
	ReloadAssembly (980ms)
		BeginReloadAssembly (44ms)
			ExecutionOrderSort (0ms)
			DisableScriptedObjects (0ms)
			BackupInstance (0ms)
			ReleaseScriptingObjects (0ms)
			CreateAndSetChildDomain (1ms)
		EndReloadAssembly (355ms)
			LoadAssemblies (44ms)
			RebuildTransferFunctionScriptingTraits (0ms)
			SetupTypeCache (147ms)
			ReleaseScriptCaches (0ms)
			RebuildScriptCaches (24ms)
			SetupLoadedEditorAssemblies (149ms)
				LogAssemblyErrors (0ms)
				InitializePlatformSupportModulesInManaged (5ms)
				SetLoadedEditorAssemblies (0ms)
				RefreshPlugins (37ms)
				BeforeProcessingInitializeOnLoad (1ms)
				ProcessInitializeOnLoadAttributes (81ms)
				ProcessInitializeOnLoadMethodAttributes (24ms)
				AfterProcessingInitializeOnLoad (0ms)
				EditorAssembliesLoaded (0ms)
			ExecutionOrderSort2 (0ms)
			AwakeInstancesAfterBackupRestoration (0ms)
Platform modules already initialized, skipping
Registering precompiled user dll's ...
Registered in 0.001396 seconds.
Begin MonoManager ReloadAssembly
Native extension for WindowsStandalone target not found
Native extension for WebGL target not found
Refreshing native plugins compatible for Editor in 36.56 ms, found 3 plugins.
Preloading 0 native plugins for Editor in 0.00 ms.
Mono: successfully reloaded assembly
- Completed reload, in  0.884 seconds
Domain Reload Profiling:
	ReloadAssembly (884ms)
		BeginReloadAssembly (124ms)
			ExecutionOrderSort (0ms)
			DisableScriptedObjects (4ms)
			BackupInstance (0ms)
			ReleaseScriptingObjects (0ms)
			CreateAndSetChildDomain (18ms)
		EndReloadAssembly (713ms)
			LoadAssemblies (69ms)
			RebuildTransferFunctionScriptingTraits (0ms)
			SetupTypeCache (245ms)
			ReleaseScriptCaches (0ms)
			RebuildScriptCaches (39ms)
			SetupLoadedEditorAssemblies (280ms)
				LogAssemblyErrors (0ms)
				InitializePlatformSupportModulesInManaged (3ms)
				SetLoadedEditorAssemblies (0ms)
				RefreshPlugins (37ms)
				BeforeProcessingInitializeOnLoad (42ms)
				ProcessInitializeOnLoadAttributes (183ms)
				ProcessInitializeOnLoadMethodAttributes (12ms)
				AfterProcessingInitializeOnLoad (2ms)
				EditorAssembliesLoaded (0ms)
			ExecutionOrderSort2 (0ms)
			AwakeInstancesAfterBackupRestoration (6ms)
Platform modules already initialized, skipping
========================================================================
Worker process is ready to serve import requests
Launched and connected shader compiler UnityShaderCompiler.exe after 0.04 seconds
Refreshing native plugins compatible for Editor in 0.46 ms, found 3 plugins.
Preloading 0 native plugins for Editor in 0.00 ms.
Unloading 2142 Unused Serialized files (Serialized files now loaded: 0)
System memory in use before: 98.0 MB.
System memory in use after: 98.1 MB.

Unloading 26 unused Assets to reduce memory usage. Loaded Objects now: 2598.
Total: 3.269400 ms (FindLiveObjects: 0.190600 ms CreateObjectMapping: 0.059100 ms MarkObjects: 2.942200 ms  DeleteObjects: 0.076500 ms)

AssetImportParameters requested are different than current active one (requested -> active):
  custom:framework-win-MediaFoundation: 216162199b28c13a410421893ffa2e32 -> 
  custom:video-decoder-ogg-theora: a1e56fd34408186e4bbccfd4996cb3dc -> 
  custom:container-muxer-webm: aa71ff27fc2769a1b78a27578f13a17b -> 
  custom:container-demuxer-webm: 4f35f7cbe854078d1ac9338744f61a02 -> 
  custom:container-demuxer-ogg: 62fdf1f143b41e24485cea50d1cbac27 -> 
  custom:video-encoder-webm-vp8: eb34c28f22e8b96e1ab97ce403110664 -> 
  custom:video-decoder-webm-vp8: 9c59270c3fd7afecdb556c50c9e8de78 -> 
  custom:audio-decoder-ogg-vorbis: bf7c407c2cedff20999df2af8eb42d56 -> 
  custom:audio-encoder-webm-vorbis: bf7c407c2cedff20999df2af8eb42d56 -> 
========================================================================
Received Import Request.
  path: Assets/Resources/Prefabs/Items/Clothing/Pants
  artifactKey: Guid(fbd75cc918a6aeb4cb0a67daacd570b6) Importer(815301076,1909f56bfc062723c751e8b465ee728b)
Start importing Assets/Resources/Prefabs/Items/Clothing/Pants using Guid(fbd75cc918a6aeb4cb0a67daacd570b6) Importer(815301076,1909f56bfc062723c751e8b465ee728b)  -> (artifact id: 'baf37f07a89ae76d2a98d3bf3f72c37d') in 0.003608 seconds 
========================================================================
Received Import Request.
  Time since last request: 5.102079 seconds.
  path: Assets/Resources/Prefabs/Items/Clothing/Pants/BrownPants.prefab
  artifactKey: Guid(85ce67c7b40d7c346bb7cbef9b8eb2ee) Importer(815301076,1909f56bfc062723c751e8b465ee728b)
Start importing Assets/Resources/Prefabs/Items/Clothing/Pants/BrownPants.prefab using Guid(85ce67c7b40d7c346bb7cbef9b8eb2ee) Importer(815301076,1909f56bfc062723c751e8b465ee728b)  -> (artifact id: 'c42cffc5e2d6dbc1aa2e9cc103cd554c') in 0.064484 seconds 
========================================================================
Received Import Request.
  Time since last request: 7.349222 seconds.
  path: Assets/Resources/Prefabs/Items/Clothing/Pants/BrownPants.prefab
  artifactKey: Guid(85ce67c7b40d7c346bb7cbef9b8eb2ee) Importer(815301076,1909f56bfc062723c751e8b465ee728b)
Start importing Assets/Resources/Prefabs/Items/Clothing/Pants/BrownPants.prefab using Guid(85ce67c7b40d7c346bb7cbef9b8eb2ee) Importer(815301076,1909f56bfc062723c751e8b465ee728b)  -> (artifact id: '97e61efb4af79ee76fa011a09ec84850') in 0.009560 seconds 
========================================================================
Received Import Request.
  Time since last request: 3.816312 seconds.
  path: Assets/Resources/Prefabs/Items/Clothing/Pants/BrownPants.prefab
  artifactKey: Guid(85ce67c7b40d7c346bb7cbef9b8eb2ee) Importer(815301076,1909f56bfc062723c751e8b465ee728b)
Start importing Assets/Resources/Prefabs/Items/Clothing/Pants/BrownPants.prefab using Guid(85ce67c7b40d7c346bb7cbef9b8eb2ee) Importer(815301076,1909f56bfc062723c751e8b465ee728b)  -> (artifact id: '0c5c7e2280b4831842737f19826d87b3') in 0.007309 seconds 
========================================================================
Received Import Request.
  Time since last request: 4.626243 seconds.
  path: Assets/Resources/Prefabs/Items/Clothing/Pants/BrownPants.prefab
  artifactKey: Guid(85ce67c7b40d7c346bb7cbef9b8eb2ee) Importer(815301076,1909f56bfc062723c751e8b465ee728b)
Start importing Assets/Resources/Prefabs/Items/Clothing/Pants/BrownPants.prefab using Guid(85ce67c7b40d7c346bb7cbef9b8eb2ee) Importer(815301076,1909f56bfc062723c751e8b465ee728b)  -> (artifact id: 'bc2e8d4b98d926905ffc045beb9a28a3') in 0.007209 seconds 
========================================================================
Received Import Request.
  Time since last request: 8.851532 seconds.
  path: Assets/Resources/Prefabs/Items/Clothing/Pants/BrownPants.prefab
  artifactKey: Guid(85ce67c7b40d7c346bb7cbef9b8eb2ee) Importer(815301076,1909f56bfc062723c751e8b465ee728b)
Start importing Assets/Resources/Prefabs/Items/Clothing/Pants/BrownPants.prefab using Guid(85ce67c7b40d7c346bb7cbef9b8eb2ee) Importer(815301076,1909f56bfc062723c751e8b465ee728b)  -> (artifact id: '3e11d9fb3c2475aef230dc5172f91d94') in 0.006463 seconds 
========================================================================
Received Import Request.
  Time since last request: 6.227597 seconds.
  path: Assets/Resources/Prefabs/Items/Clothing/Pants/BrownPants.prefab
  artifactKey: Guid(85ce67c7b40d7c346bb7cbef9b8eb2ee) Importer(815301076,1909f56bfc062723c751e8b465ee728b)
Start importing Assets/Resources/Prefabs/Items/Clothing/Pants/BrownPants.prefab using Guid(85ce67c7b40d7c346bb7cbef9b8eb2ee) Importer(815301076,1909f56bfc062723c751e8b465ee728b)  -> (artifact id: '031668c75095736fd8df37333154a3c0') in 0.006789 seconds 
========================================================================
Received Import Request.
  Time since last request: 19.618414 seconds.
  path: Assets/TextMesh Pro/Resources/Fonts & Materials/alagard_new.asset
  artifactKey: Guid(bed8d9d74f538b2458d4f7873c568573) Importer(815301076,1909f56bfc062723c751e8b465ee728b)
Start importing Assets/TextMesh Pro/Resources/Fonts & Materials/alagard_new.asset using Guid(bed8d9d74f538b2458d4f7873c568573) Importer(815301076,1909f56bfc062723c751e8b465ee728b)  -> (artifact id: '822106424ee46c7191d41dcf49aaa1ad') in 0.110815 seconds 
========================================================================
Received Import Request.
  Time since last request: 2.008765 seconds.
  path: Assets/Resources/Prefabs/Items/Clothing/Pants/BrownPants.prefab
  artifactKey: Guid(85ce67c7b40d7c346bb7cbef9b8eb2ee) Importer(815301076,1909f56bfc062723c751e8b465ee728b)
Start importing Assets/Resources/Prefabs/Items/Clothing/Pants/BrownPants.prefab using Guid(85ce67c7b40d7c346bb7cbef9b8eb2ee) Importer(815301076,1909f56bfc062723c751e8b465ee728b)  -> (artifact id: 'ad49a62add93274c3346be6a10760770') in 0.009876 seconds 
========================================================================
Received Import Request.
  Time since last request: 3.420485 seconds.
  path: Assets/Resources/Prefabs/Items/Clothing/Pants/BrownPants.prefab
  artifactKey: Guid(85ce67c7b40d7c346bb7cbef9b8eb2ee) Importer(815301076,1909f56bfc062723c751e8b465ee728b)
Start importing Assets/Resources/Prefabs/Items/Clothing/Pants/BrownPants.prefab using Guid(85ce67c7b40d7c346bb7cbef9b8eb2ee) Importer(815301076,1909f56bfc062723c751e8b465ee728b)  -> (artifact id: 'c4effac3e08b2b902b2e80d8be46bb81') in 0.010550 seconds 
========================================================================
Received Import Request.
  Time since last request: 22.459719 seconds.
  path: Assets/Resources/Prefabs/Items/Clothing/Pants/BrownPants.prefab
  artifactKey: Guid(85ce67c7b40d7c346bb7cbef9b8eb2ee) Importer(815301076,1909f56bfc062723c751e8b465ee728b)
Start importing Assets/Resources/Prefabs/Items/Clothing/Pants/BrownPants.prefab using Guid(85ce67c7b40d7c346bb7cbef9b8eb2ee) Importer(815301076,1909f56bfc062723c751e8b465ee728b)  -> (artifact id: '277ad770d169a73dddfaab89a73ddc23') in 0.010455 seconds 
========================================================================
Received Import Request.
  Time since last request: 11.067295 seconds.
  path: Assets/Resources/Prefabs/Items/Clothing/Pants/BrownPants.prefab
  artifactKey: Guid(85ce67c7b40d7c346bb7cbef9b8eb2ee) Importer(815301076,1909f56bfc062723c751e8b465ee728b)
Start importing Assets/Resources/Prefabs/Items/Clothing/Pants/BrownPants.prefab using Guid(85ce67c7b40d7c346bb7cbef9b8eb2ee) Importer(815301076,1909f56bfc062723c751e8b465ee728b)  -> (artifact id: '6cecd9fdfcdc695cd9be8123d968aaad') in 0.010512 seconds 
========================================================================
Received Import Request.
  Time since last request: 5.212407 seconds.
  path: Assets/Resources/Prefabs/Items/Clothing/Pants/BrownPants.prefab
  artifactKey: Guid(85ce67c7b40d7c346bb7cbef9b8eb2ee) Importer(815301076,1909f56bfc062723c751e8b465ee728b)
Start importing Assets/Resources/Prefabs/Items/Clothing/Pants/BrownPants.prefab using Guid(85ce67c7b40d7c346bb7cbef9b8eb2ee) Importer(815301076,1909f56bfc062723c751e8b465ee728b)  -> (artifact id: '98bd2168f97c9c056c5520d6cbb282b3') in 0.010537 seconds 
========================================================================
Received Import Request.
  Time since last request: 0.993126 seconds.
  path: Assets/Resources/Prefabs/Items/Clothing/Pants/BrownPants.prefab
  artifactKey: Guid(85ce67c7b40d7c346bb7cbef9b8eb2ee) Importer(815301076,1909f56bfc062723c751e8b465ee728b)
Start importing Assets/Resources/Prefabs/Items/Clothing/Pants/BrownPants.prefab using Guid(85ce67c7b40d7c346bb7cbef9b8eb2ee) Importer(815301076,1909f56bfc062723c751e8b465ee728b)  -> (artifact id: '8cf17e772b3ba67abfd1abea4d7e5394') in 0.010583 seconds 
========================================================================
Received Import Request.
  Time since last request: 2.401792 seconds.
  path: Assets/Resources/Prefabs/Items/Clothing/Pants/BrownPants.prefab
  artifactKey: Guid(85ce67c7b40d7c346bb7cbef9b8eb2ee) Importer(815301076,1909f56bfc062723c751e8b465ee728b)
Start importing Assets/Resources/Prefabs/Items/Clothing/Pants/BrownPants.prefab using Guid(85ce67c7b40d7c346bb7cbef9b8eb2ee) Importer(815301076,1909f56bfc062723c751e8b465ee728b)  -> (artifact id: '52216d76dce35c5ef355a6dc274b92c8') in 0.033894 seconds 
========================================================================
Received Import Request.
  Time since last request: 13.654216 seconds.
  path: Assets/Resources/Prefabs/Items/Clothing/Pants/BrownPants.prefab
  artifactKey: Guid(85ce67c7b40d7c346bb7cbef9b8eb2ee) Importer(815301076,1909f56bfc062723c751e8b465ee728b)
Start importing Assets/Resources/Prefabs/Items/Clothing/Pants/BrownPants.prefab using Guid(85ce67c7b40d7c346bb7cbef9b8eb2ee) Importer(815301076,1909f56bfc062723c751e8b465ee728b)  -> (artifact id: 'bde699fdd1ebcc0aedcb28a0e8fe1f42') in 0.009759 seconds 
========================================================================
Received Import Request.
  Time since last request: 6.218775 seconds.
  path: Assets/Resources/Prefabs/Items/Clothing/Pants/PurplePants.prefab
  artifactKey: Guid(2484200e52bfec645a41ae4d8a88f7c1) Importer(815301076,1909f56bfc062723c751e8b465ee728b)
Start importing Assets/Resources/Prefabs/Items/Clothing/Pants/PurplePants.prefab using Guid(2484200e52bfec645a41ae4d8a88f7c1) Importer(815301076,1909f56bfc062723c751e8b465ee728b)  -> (artifact id: '627f477962541cc51dade02e1df862ae') in 0.009818 seconds 
========================================================================
Received Import Request.
  Time since last request: 3.830167 seconds.
  path: Assets/Resources/Prefabs/Items/Clothing/Shirts/Shirt Blue.prefab
  artifactKey: Guid(90ca695e37c181542985fe3725cce801) Importer(815301076,1909f56bfc062723c751e8b465ee728b)
Start importing Assets/Resources/Prefabs/Items/Clothing/Shirts/Shirt Blue.prefab using Guid(90ca695e37c181542985fe3725cce801) Importer(815301076,1909f56bfc062723c751e8b465ee728b)  -> (artifact id: '318486631e5bb419afeec3834701ba46') in 0.009747 seconds 
========================================================================
Received Import Request.
  Time since last request: 1.405881 seconds.
  path: Assets/Resources/Prefabs/Items/Clothing/Shirts/Shirt Green.prefab
  artifactKey: Guid(f3cdd68050f6e0245b3942ee895ac456) Importer(815301076,1909f56bfc062723c751e8b465ee728b)
Start importing Assets/Resources/Prefabs/Items/Clothing/Shirts/Shirt Green.prefab using Guid(f3cdd68050f6e0245b3942ee895ac456) Importer(815301076,1909f56bfc062723c751e8b465ee728b)  -> (artifact id: '277acacefe9812c3dab7856e9b0226bf') in 0.010259 seconds 
========================================================================
Received Import Request.
  Time since last request: 2.009064 seconds.
  path: Assets/Resources/Prefabs/Items/Clothing/Shirts/Shirt Red.prefab
  artifactKey: Guid(62ea46e4358a2d241b10ac783c95de08) Importer(815301076,1909f56bfc062723c751e8b465ee728b)
Start importing Assets/Resources/Prefabs/Items/Clothing/Shirts/Shirt Red.prefab using Guid(62ea46e4358a2d241b10ac783c95de08) Importer(815301076,1909f56bfc062723c751e8b465ee728b)  -> (artifact id: '19f1a68c16a10afed28a33c2982c05a5') in 0.010050 seconds 
========================================================================
Received Import Request.
  Time since last request: 9.233983 seconds.
  path: Assets/Resources/Prefabs/Items/Tools/Shovel.prefab
  artifactKey: Guid(2ce1942311eb5be4fb5a1d1c121724f1) Importer(815301076,1909f56bfc062723c751e8b465ee728b)
Start importing Assets/Resources/Prefabs/Items/Tools/Shovel.prefab using Guid(2ce1942311eb5be4fb5a1d1c121724f1) Importer(815301076,1909f56bfc062723c751e8b465ee728b)  -> (artifact id: '66f57f25832ecac9dde168c245dcc633') in 0.009532 seconds 
========================================================================
Received Import Request.
  Time since last request: 7.046454 seconds.
  path: Assets/Resources/Prefabs/Items/Consumables/Food/Apple.prefab
  artifactKey: Guid(c633dd380aaf58a41857b08d6cb23c77) Importer(815301076,1909f56bfc062723c751e8b465ee728b)
Start importing Assets/Resources/Prefabs/Items/Consumables/Food/Apple.prefab using Guid(c633dd380aaf58a41857b08d6cb23c77) Importer(815301076,1909f56bfc062723c751e8b465ee728b)  -> (artifact id: '9eb674d07772b7f649278b8c2184ae81') in 0.009570 seconds 
========================================================================
Received Import Request.
  Time since last request: 1.392476 seconds.
  path: Assets/Resources/Prefabs/Items/Consumables/Food/Banana.prefab
  artifactKey: Guid(f1f597f6a0c2e964ea186cde4376b69b) Importer(815301076,1909f56bfc062723c751e8b465ee728b)
Start importing Assets/Resources/Prefabs/Items/Consumables/Food/Banana.prefab using Guid(f1f597f6a0c2e964ea186cde4376b69b) Importer(815301076,1909f56bfc062723c751e8b465ee728b)  -> (artifact id: '847d5086aff0b93a9248a3788b76c36d') in 0.009688 seconds 
========================================================================
Received Import Request.
  Time since last request: 2.001436 seconds.
  path: Assets/Resources/Prefabs/Items/Consumables/Food/Sour Cherry.prefab
  artifactKey: Guid(e39531851117dd84793b3399562ed477) Importer(815301076,1909f56bfc062723c751e8b465ee728b)
Start importing Assets/Resources/Prefabs/Items/Consumables/Food/Sour Cherry.prefab using Guid(e39531851117dd84793b3399562ed477) Importer(815301076,1909f56bfc062723c751e8b465ee728b)  -> (artifact id: '0c2c4e6b6d106447ecad932f7ecf42fc') in 0.009738 seconds 
========================================================================
Received Import Request.
  Time since last request: 1.397332 seconds.
  path: Assets/Resources/Prefabs/Items/Consumables/Food/Watermelon.prefab
  artifactKey: Guid(016edc3f2109b57438269a71eca8d3f5) Importer(815301076,1909f56bfc062723c751e8b465ee728b)
Start importing Assets/Resources/Prefabs/Items/Consumables/Food/Watermelon.prefab using Guid(016edc3f2109b57438269a71eca8d3f5) Importer(815301076,1909f56bfc062723c751e8b465ee728b)  -> (artifact id: '8fecfad1ca58ac1af99a548941c37e56') in 0.010096 seconds 
========================================================================
Received Prepare
Registering precompiled user dll's ...
Registered in 0.001381 seconds.
Begin MonoManager ReloadAssembly
Native extension for WindowsStandalone target not found
Native extension for WebGL target not found
Refreshing native plugins compatible for Editor in 0.45 ms, found 3 plugins.
Preloading 0 native plugins for Editor in 0.00 ms.
Mono: successfully reloaded assembly
- Completed reload, in  0.841 seconds
Domain Reload Profiling:
	ReloadAssembly (841ms)
		BeginReloadAssembly (98ms)
			ExecutionOrderSort (0ms)
			DisableScriptedObjects (5ms)
			BackupInstance (0ms)
			ReleaseScriptingObjects (0ms)
			CreateAndSetChildDomain (34ms)
		EndReloadAssembly (696ms)
			LoadAssemblies (70ms)
			RebuildTransferFunctionScriptingTraits (0ms)
			SetupTypeCache (243ms)
			ReleaseScriptCaches (1ms)
			RebuildScriptCaches (39ms)
			SetupLoadedEditorAssemblies (221ms)
				LogAssemblyErrors (0ms)
				InitializePlatformSupportModulesInManaged (4ms)
				SetLoadedEditorAssemblies (0ms)
				RefreshPlugins (0ms)
				BeforeProcessingInitializeOnLoad (42ms)
				ProcessInitializeOnLoadAttributes (166ms)
				ProcessInitializeOnLoadMethodAttributes (6ms)
				AfterProcessingInitializeOnLoad (2ms)
				EditorAssembliesLoaded (0ms)
			ExecutionOrderSort2 (0ms)
			AwakeInstancesAfterBackupRestoration (12ms)
Platform modules already initialized, skipping
Refreshing native plugins compatible for Editor in 0.37 ms, found 3 plugins.
Preloading 0 native plugins for Editor in 0.00 ms.
Unloading 2120 Unused Serialized files (Serialized files now loaded: 0)
System memory in use before: 104.6 MB.
System memory in use after: 104.7 MB.

Unloading 15 unused Assets to reduce memory usage. Loaded Objects now: 2657.
Total: 2.828800 ms (FindLiveObjects: 0.167200 ms CreateObjectMapping: 0.050100 ms MarkObjects: 2.598700 ms  DeleteObjects: 0.012100 ms)

AssetImportParameters requested are different than current active one (requested -> active):
  custom:framework-win-MediaFoundation: 216162199b28c13a410421893ffa2e32 -> 
  custom:video-decoder-ogg-theora: a1e56fd34408186e4bbccfd4996cb3dc -> 
  custom:container-muxer-webm: aa71ff27fc2769a1b78a27578f13a17b -> 
  custom:container-demuxer-webm: 4f35f7cbe854078d1ac9338744f61a02 -> 
  custom:container-demuxer-ogg: 62fdf1f143b41e24485cea50d1cbac27 -> 
  custom:video-encoder-webm-vp8: eb34c28f22e8b96e1ab97ce403110664 -> 
  custom:video-decoder-webm-vp8: 9c59270c3fd7afecdb556c50c9e8de78 -> 
  custom:audio-decoder-ogg-vorbis: bf7c407c2cedff20999df2af8eb42d56 -> 
  custom:audio-encoder-webm-vorbis: bf7c407c2cedff20999df2af8eb42d56 -> 
========================================================================
Received Import Request.
  Time since last request: 284.280997 seconds.
  path: Assets/Scripts/Controllers
  artifactKey: Guid(ba02ffe750c4d6749a47954bdf123edb) Importer(815301076,1909f56bfc062723c751e8b465ee728b)
Start importing Assets/Scripts/Controllers using Guid(ba02ffe750c4d6749a47954bdf123edb) Importer(815301076,1909f56bfc062723c751e8b465ee728b)  -> (artifact id: 'd1352fefb76fa018ef6c5d03a2b08e85') in 0.003655 seconds 
========================================================================
Received Prepare
Registering precompiled user dll's ...
Registered in 0.001362 seconds.
Begin MonoManager ReloadAssembly
Native extension for WindowsStandalone target not found
Native extension for WebGL target not found
Refreshing native plugins compatible for Editor in 0.51 ms, found 3 plugins.
Preloading 0 native plugins for Editor in 0.00 ms.
Mono: successfully reloaded assembly
- Completed reload, in  0.822 seconds
Domain Reload Profiling:
	ReloadAssembly (822ms)
		BeginReloadAssembly (96ms)
			ExecutionOrderSort (0ms)
			DisableScriptedObjects (7ms)
			BackupInstance (0ms)
			ReleaseScriptingObjects (0ms)
			CreateAndSetChildDomain (33ms)
		EndReloadAssembly (673ms)
			LoadAssemblies (69ms)
			RebuildTransferFunctionScriptingTraits (0ms)
			SetupTypeCache (243ms)
			ReleaseScriptCaches (1ms)
			RebuildScriptCaches (44ms)
			SetupLoadedEditorAssemblies (228ms)
				LogAssemblyErrors (0ms)
				InitializePlatformSupportModulesInManaged (5ms)
				SetLoadedEditorAssemblies (0ms)
				RefreshPlugins (1ms)
				BeforeProcessingInitializeOnLoad (45ms)
				ProcessInitializeOnLoadAttributes (170ms)
				ProcessInitializeOnLoadMethodAttributes (6ms)
				AfterProcessingInitializeOnLoad (2ms)
				EditorAssembliesLoaded (0ms)
			ExecutionOrderSort2 (0ms)
			AwakeInstancesAfterBackupRestoration (11ms)
Platform modules already initialized, skipping
Refreshing native plugins compatible for Editor in 0.44 ms, found 3 plugins.
Preloading 0 native plugins for Editor in 0.00 ms.
Unloading 2119 Unused Serialized files (Serialized files now loaded: 0)
System memory in use before: 104.6 MB.
System memory in use after: 104.7 MB.

Unloading 15 unused Assets to reduce memory usage. Loaded Objects now: 2659.
Total: 2.840200 ms (FindLiveObjects: 0.169000 ms CreateObjectMapping: 0.053000 ms MarkObjects: 2.605500 ms  DeleteObjects: 0.011700 ms)

AssetImportParameters requested are different than current active one (requested -> active):
  custom:framework-win-MediaFoundation: 216162199b28c13a410421893ffa2e32 -> 
  custom:video-decoder-ogg-theora: a1e56fd34408186e4bbccfd4996cb3dc -> 
  custom:container-muxer-webm: aa71ff27fc2769a1b78a27578f13a17b -> 
  custom:container-demuxer-webm: 4f35f7cbe854078d1ac9338744f61a02 -> 
  custom:container-demuxer-ogg: 62fdf1f143b41e24485cea50d1cbac27 -> 
  custom:video-encoder-webm-vp8: eb34c28f22e8b96e1ab97ce403110664 -> 
  custom:video-decoder-webm-vp8: 9c59270c3fd7afecdb556c50c9e8de78 -> 
  custom:audio-decoder-ogg-vorbis: bf7c407c2cedff20999df2af8eb42d56 -> 
  custom:audio-encoder-webm-vorbis: bf7c407c2cedff20999df2af8eb42d56 -> 
========================================================================
Received Import Request.
  Time since last request: 12.153659 seconds.
  path: Assets/Scripts/Inventory
  artifactKey: Guid(b8eb9f7b33cc2c54eaec65e40aa11f4b) Importer(815301076,1909f56bfc062723c751e8b465ee728b)
Start importing Assets/Scripts/Inventory using Guid(b8eb9f7b33cc2c54eaec65e40aa11f4b) Importer(815301076,1909f56bfc062723c751e8b465ee728b)  -> (artifact id: 'd457e81fff5979868a9fecbe192481c7') in 0.003583 seconds 
========================================================================
Received Import Request.
  Time since last request: 6.505565 seconds.
  path: Assets/Scripts/Inventory/Managers
  artifactKey: Guid(d5453d1161c59f449b819182a507eac1) Importer(815301076,1909f56bfc062723c751e8b465ee728b)
Start importing Assets/Scripts/Inventory/Managers using Guid(d5453d1161c59f449b819182a507eac1) Importer(815301076,1909f56bfc062723c751e8b465ee728b)  -> (artifact id: '90276e0fb1dc5d7360d57786eabd8a70') in 0.000930 seconds 
========================================================================
Received Import Request.
  Time since last request: 2.835458 seconds.
  path: Assets/Scripts/Container.cs
  artifactKey: Guid(8b1fb54c3fd6a6c428f543b08c01ccea) Importer(815301076,1909f56bfc062723c751e8b465ee728b)
Start importing Assets/Scripts/Container.cs using Guid(8b1fb54c3fd6a6c428f543b08c01ccea) Importer(815301076,1909f56bfc062723c751e8b465ee728b)  -> (artifact id: '124c98a87b2d5c8dafce23d7bf27457b') in 0.003861 seconds 
========================================================================
Received Import Request.
  Time since last request: 5.759707 seconds.
  path: Assets/Scripts/Inventory/Items
  artifactKey: Guid(490d3853f5f3af049b43889e6ee95303) Importer(815301076,1909f56bfc062723c751e8b465ee728b)
Start importing Assets/Scripts/Inventory/Items using Guid(490d3853f5f3af049b43889e6ee95303) Importer(815301076,1909f56bfc062723c751e8b465ee728b)  -> (artifact id: '7cd75afe68f3a6cc3678969364df7230') in 0.001060 seconds 
========================================================================
Received Import Request.
  Time since last request: 3.531166 seconds.
  path: Assets/Scripts/DraggableObject.cs
  artifactKey: Guid(c69f757509c13924fb16b330e4281c7c) Importer(815301076,1909f56bfc062723c751e8b465ee728b)
Start importing Assets/Scripts/DraggableObject.cs using Guid(c69f757509c13924fb16b330e4281c7c) Importer(815301076,1909f56bfc062723c751e8b465ee728b)  -> (artifact id: '088ba084ed3e4f49e75b16e7e545e729') in 0.001232 seconds 
========================================================================
Received Import Request.
  Time since last request: 2.783213 seconds.
  path: Assets/Scripts/InventoryManager.cs
  artifactKey: Guid(894d13ab12b764b45a98d551cbacb6b5) Importer(815301076,1909f56bfc062723c751e8b465ee728b)
Start importing Assets/Scripts/InventoryManager.cs using Guid(894d13ab12b764b45a98d551cbacb6b5) Importer(815301076,1909f56bfc062723c751e8b465ee728b)  -> (artifact id: '743210b2d8b1689873be54356c9d152c') in 0.001067 seconds 
========================================================================
Received Prepare
Registering precompiled user dll's ...
Registered in 0.001410 seconds.
Begin MonoManager ReloadAssembly
Native extension for WindowsStandalone target not found
Native extension for WebGL target not found
Refreshing native plugins compatible for Editor in 0.45 ms, found 3 plugins.
Preloading 0 native plugins for Editor in 0.00 ms.
Mono: successfully reloaded assembly
- Completed reload, in  0.794 seconds
Domain Reload Profiling:
	ReloadAssembly (794ms)
		BeginReloadAssembly (92ms)
			ExecutionOrderSort (0ms)
			DisableScriptedObjects (6ms)
			BackupInstance (0ms)
			ReleaseScriptingObjects (0ms)
			CreateAndSetChildDomain (32ms)
		EndReloadAssembly (655ms)
			LoadAssemblies (66ms)
			RebuildTransferFunctionScriptingTraits (0ms)
			SetupTypeCache (235ms)
			ReleaseScriptCaches (1ms)
			RebuildScriptCaches (41ms)
			SetupLoadedEditorAssemblies (226ms)
				LogAssemblyErrors (0ms)
				InitializePlatformSupportModulesInManaged (4ms)
				SetLoadedEditorAssemblies (0ms)
				RefreshPlugins (0ms)
				BeforeProcessingInitializeOnLoad (43ms)
				ProcessInitializeOnLoadAttributes (169ms)
				ProcessInitializeOnLoadMethodAttributes (6ms)
				AfterProcessingInitializeOnLoad (2ms)
				EditorAssembliesLoaded (0ms)
			ExecutionOrderSort2 (0ms)
			AwakeInstancesAfterBackupRestoration (11ms)
Platform modules already initialized, skipping
Refreshing native plugins compatible for Editor in 0.32 ms, found 3 plugins.
Preloading 0 native plugins for Editor in 0.00 ms.
Unloading 2119 Unused Serialized files (Serialized files now loaded: 0)
System memory in use before: 104.6 MB.
System memory in use after: 104.8 MB.

Unloading 15 unused Assets to reduce memory usage. Loaded Objects now: 2661.
Total: 2.911400 ms (FindLiveObjects: 0.171100 ms CreateObjectMapping: 0.062600 ms MarkObjects: 2.662800 ms  DeleteObjects: 0.013800 ms)

AssetImportParameters requested are different than current active one (requested -> active):
  custom:framework-win-MediaFoundation: 216162199b28c13a410421893ffa2e32 -> 
  custom:video-decoder-ogg-theora: a1e56fd34408186e4bbccfd4996cb3dc -> 
  custom:container-muxer-webm: aa71ff27fc2769a1b78a27578f13a17b -> 
  custom:container-demuxer-webm: 4f35f7cbe854078d1ac9338744f61a02 -> 
  custom:container-demuxer-ogg: 62fdf1f143b41e24485cea50d1cbac27 -> 
  custom:video-encoder-webm-vp8: eb34c28f22e8b96e1ab97ce403110664 -> 
  custom:video-decoder-webm-vp8: 9c59270c3fd7afecdb556c50c9e8de78 -> 
  custom:audio-decoder-ogg-vorbis: bf7c407c2cedff20999df2af8eb42d56 -> 
  custom:audio-encoder-webm-vorbis: bf7c407c2cedff20999df2af8eb42d56 -> 
========================================================================
Received Import Request.
  Time since last request: 5.387631 seconds.
  path: Assets/Scripts/Item.cs
  artifactKey: Guid(669fea9caf431b94b84bf3ec65b29944) Importer(815301076,1909f56bfc062723c751e8b465ee728b)
Start importing Assets/Scripts/Item.cs using Guid(669fea9caf431b94b84bf3ec65b29944) Importer(815301076,1909f56bfc062723c751e8b465ee728b)  -> (artifact id: '570c07b4120c628b64b709a8714337b5') in 0.003624 seconds 
========================================================================
Received Prepare
Registering precompiled user dll's ...
Registered in 0.001426 seconds.
Begin MonoManager ReloadAssembly
Native extension for WindowsStandalone target not found
Native extension for WebGL target not found
Refreshing native plugins compatible for Editor in 0.45 ms, found 3 plugins.
Preloading 0 native plugins for Editor in 0.00 ms.
Mono: successfully reloaded assembly
- Completed reload, in  0.815 seconds
Domain Reload Profiling:
	ReloadAssembly (816ms)
		BeginReloadAssembly (92ms)
			ExecutionOrderSort (0ms)
			DisableScriptedObjects (6ms)
			BackupInstance (0ms)
			ReleaseScriptingObjects (0ms)
			CreateAndSetChildDomain (32ms)
		EndReloadAssembly (677ms)
			LoadAssemblies (67ms)
			RebuildTransferFunctionScriptingTraits (0ms)
			SetupTypeCache (237ms)
			ReleaseScriptCaches (1ms)
			RebuildScriptCaches (41ms)
			SetupLoadedEditorAssemblies (242ms)
				LogAssemblyErrors (0ms)
				InitializePlatformSupportModulesInManaged (4ms)
				SetLoadedEditorAssemblies (0ms)
				RefreshPlugins (0ms)
				BeforeProcessingInitializeOnLoad (48ms)
				ProcessInitializeOnLoadAttributes (176ms)
				ProcessInitializeOnLoadMethodAttributes (10ms)
				AfterProcessingInitializeOnLoad (3ms)
				EditorAssembliesLoaded (0ms)
			ExecutionOrderSort2 (0ms)
			AwakeInstancesAfterBackupRestoration (12ms)
Platform modules already initialized, skipping
Refreshing native plugins compatible for Editor in 0.46 ms, found 3 plugins.
Preloading 0 native plugins for Editor in 0.00 ms.
Unloading 2119 Unused Serialized files (Serialized files now loaded: 0)
System memory in use before: 104.7 MB.
System memory in use after: 104.8 MB.

Unloading 15 unused Assets to reduce memory usage. Loaded Objects now: 2663.
Total: 2.936600 ms (FindLiveObjects: 0.221200 ms CreateObjectMapping: 0.051600 ms MarkObjects: 2.650100 ms  DeleteObjects: 0.012500 ms)

AssetImportParameters requested are different than current active one (requested -> active):
  custom:framework-win-MediaFoundation: 216162199b28c13a410421893ffa2e32 -> 
  custom:video-decoder-ogg-theora: a1e56fd34408186e4bbccfd4996cb3dc -> 
  custom:container-muxer-webm: aa71ff27fc2769a1b78a27578f13a17b -> 
  custom:container-demuxer-webm: 4f35f7cbe854078d1ac9338744f61a02 -> 
  custom:container-demuxer-ogg: 62fdf1f143b41e24485cea50d1cbac27 -> 
  custom:video-encoder-webm-vp8: eb34c28f22e8b96e1ab97ce403110664 -> 
  custom:video-decoder-webm-vp8: 9c59270c3fd7afecdb556c50c9e8de78 -> 
  custom:audio-decoder-ogg-vorbis: bf7c407c2cedff20999df2af8eb42d56 -> 
  custom:audio-encoder-webm-vorbis: bf7c407c2cedff20999df2af8eb42d56 -> 
========================================================================
Received Prepare
Registering precompiled user dll's ...
Registered in 0.001452 seconds.
Begin MonoManager ReloadAssembly
Native extension for WindowsStandalone target not found
Native extension for WebGL target not found
Refreshing native plugins compatible for Editor in 0.43 ms, found 3 plugins.
Preloading 0 native plugins for Editor in 0.00 ms.
Mono: successfully reloaded assembly
- Completed reload, in  0.806 seconds
Domain Reload Profiling:
	ReloadAssembly (806ms)
		BeginReloadAssembly (90ms)
			ExecutionOrderSort (0ms)
			DisableScriptedObjects (6ms)
			BackupInstance (0ms)
			ReleaseScriptingObjects (0ms)
			CreateAndSetChildDomain (31ms)
		EndReloadAssembly (669ms)
			LoadAssemblies (66ms)
			RebuildTransferFunctionScriptingTraits (0ms)
			SetupTypeCache (245ms)
			ReleaseScriptCaches (1ms)
			RebuildScriptCaches (42ms)
			SetupLoadedEditorAssemblies (226ms)
				LogAssemblyErrors (0ms)
				InitializePlatformSupportModulesInManaged (4ms)
				SetLoadedEditorAssemblies (0ms)
				RefreshPlugins (0ms)
				BeforeProcessingInitializeOnLoad (43ms)
				ProcessInitializeOnLoadAttributes (170ms)
				ProcessInitializeOnLoadMethodAttributes (7ms)
				AfterProcessingInitializeOnLoad (2ms)
				EditorAssembliesLoaded (0ms)
			ExecutionOrderSort2 (0ms)
			AwakeInstancesAfterBackupRestoration (11ms)
Platform modules already initialized, skipping
Refreshing native plugins compatible for Editor in 0.42 ms, found 3 plugins.
Preloading 0 native plugins for Editor in 0.00 ms.
Unloading 2119 Unused Serialized files (Serialized files now loaded: 0)
System memory in use before: 104.7 MB.
System memory in use after: 104.8 MB.

Unloading 15 unused Assets to reduce memory usage. Loaded Objects now: 2665.
Total: 3.204700 ms (FindLiveObjects: 0.222500 ms CreateObjectMapping: 0.050400 ms MarkObjects: 2.916700 ms  DeleteObjects: 0.014000 ms)

AssetImportParameters requested are different than current active one (requested -> active):
  custom:framework-win-MediaFoundation: 216162199b28c13a410421893ffa2e32 -> 
  custom:video-decoder-ogg-theora: a1e56fd34408186e4bbccfd4996cb3dc -> 
  custom:container-muxer-webm: aa71ff27fc2769a1b78a27578f13a17b -> 
  custom:container-demuxer-webm: 4f35f7cbe854078d1ac9338744f61a02 -> 
  custom:container-demuxer-ogg: 62fdf1f143b41e24485cea50d1cbac27 -> 
  custom:video-encoder-webm-vp8: eb34c28f22e8b96e1ab97ce403110664 -> 
  custom:video-decoder-webm-vp8: 9c59270c3fd7afecdb556c50c9e8de78 -> 
  custom:audio-decoder-ogg-vorbis: bf7c407c2cedff20999df2af8eb42d56 -> 
  custom:audio-encoder-webm-vorbis: bf7c407c2cedff20999df2af8eb42d56 -> 
========================================================================
Received Prepare
Registering precompiled user dll's ...
Registered in 0.001612 seconds.
Begin MonoManager ReloadAssembly
Native extension for WindowsStandalone target not found
Native extension for WebGL target not found
Refreshing native plugins compatible for Editor in 0.44 ms, found 3 plugins.
Preloading 0 native plugins for Editor in 0.00 ms.
Mono: successfully reloaded assembly
- Completed reload, in  0.799 seconds
Domain Reload Profiling:
	ReloadAssembly (799ms)
		BeginReloadAssembly (90ms)
			ExecutionOrderSort (0ms)
			DisableScriptedObjects (6ms)
			BackupInstance (0ms)
			ReleaseScriptingObjects (0ms)
			CreateAndSetChildDomain (30ms)
		EndReloadAssembly (662ms)
			LoadAssemblies (68ms)
			RebuildTransferFunctionScriptingTraits (0ms)
			SetupTypeCache (238ms)
			ReleaseScriptCaches (1ms)
			RebuildScriptCaches (40ms)
			SetupLoadedEditorAssemblies (227ms)
				LogAssemblyErrors (0ms)
				InitializePlatformSupportModulesInManaged (4ms)
				SetLoadedEditorAssemblies (0ms)
				RefreshPlugins (0ms)
				BeforeProcessingInitializeOnLoad (43ms)
				ProcessInitializeOnLoadAttributes (170ms)
				ProcessInitializeOnLoadMethodAttributes (7ms)
				AfterProcessingInitializeOnLoad (2ms)
				EditorAssembliesLoaded (0ms)
			ExecutionOrderSort2 (0ms)
			AwakeInstancesAfterBackupRestoration (12ms)
Platform modules already initialized, skipping
Refreshing native plugins compatible for Editor in 0.53 ms, found 3 plugins.
Preloading 0 native plugins for Editor in 0.00 ms.
Unloading 2119 Unused Serialized files (Serialized files now loaded: 0)
System memory in use before: 104.7 MB.
System memory in use after: 104.8 MB.

Unloading 15 unused Assets to reduce memory usage. Loaded Objects now: 2667.
Total: 3.132300 ms (FindLiveObjects: 0.211100 ms CreateObjectMapping: 0.049800 ms MarkObjects: 2.857900 ms  DeleteObjects: 0.012500 ms)

AssetImportParameters requested are different than current active one (requested -> active):
  custom:framework-win-MediaFoundation: 216162199b28c13a410421893ffa2e32 -> 
  custom:video-decoder-ogg-theora: a1e56fd34408186e4bbccfd4996cb3dc -> 
  custom:container-muxer-webm: aa71ff27fc2769a1b78a27578f13a17b -> 
  custom:container-demuxer-webm: 4f35f7cbe854078d1ac9338744f61a02 -> 
  custom:container-demuxer-ogg: 62fdf1f143b41e24485cea50d1cbac27 -> 
  custom:video-encoder-webm-vp8: eb34c28f22e8b96e1ab97ce403110664 -> 
  custom:video-decoder-webm-vp8: 9c59270c3fd7afecdb556c50c9e8de78 -> 
  custom:audio-decoder-ogg-vorbis: bf7c407c2cedff20999df2af8eb42d56 -> 
  custom:audio-encoder-webm-vorbis: bf7c407c2cedff20999df2af8eb42d56 -> 
========================================================================
Received Import Request.
  Time since last request: 13.745871 seconds.
  path: Assets/Scripts/PlayerInventory.cs
  artifactKey: Guid(698eaa951037871489259b1cf5c8006a) Importer(815301076,1909f56bfc062723c751e8b465ee728b)
Start importing Assets/Scripts/PlayerInventory.cs using Guid(698eaa951037871489259b1cf5c8006a) Importer(815301076,1909f56bfc062723c751e8b465ee728b)  -> (artifact id: 'bacf9ea8dc33b1af59450c99799fd1ce') in 0.003770 seconds 
========================================================================
Received Import Request.
  Time since last request: 1.550224 seconds.
  path: Assets/Scripts/ShopkeeperInventory.cs
  artifactKey: Guid(31e8ba443380ef1479848afb7c1308bb) Importer(815301076,1909f56bfc062723c751e8b465ee728b)
Start importing Assets/Scripts/ShopkeeperInventory.cs using Guid(31e8ba443380ef1479848afb7c1308bb) Importer(815301076,1909f56bfc062723c751e8b465ee728b)  -> (artifact id: '20a8826e6dcf89f94300786877a60bac') in 0.001052 seconds 
========================================================================
Received Prepare
Registering precompiled user dll's ...
Registered in 0.001402 seconds.
Begin MonoManager ReloadAssembly
Native extension for WindowsStandalone target not found
Native extension for WebGL target not found
Refreshing native plugins compatible for Editor in 0.44 ms, found 3 plugins.
Preloading 0 native plugins for Editor in 0.00 ms.
Mono: successfully reloaded assembly
- Completed reload, in  0.803 seconds
Domain Reload Profiling:
	ReloadAssembly (803ms)
		BeginReloadAssembly (96ms)
			ExecutionOrderSort (0ms)
			DisableScriptedObjects (6ms)
			BackupInstance (0ms)
			ReleaseScriptingObjects (0ms)
			CreateAndSetChildDomain (34ms)
		EndReloadAssembly (660ms)
			LoadAssemblies (67ms)
			RebuildTransferFunctionScriptingTraits (0ms)
			SetupTypeCache (240ms)
			ReleaseScriptCaches (1ms)
			RebuildScriptCaches (43ms)
			SetupLoadedEditorAssemblies (223ms)
				LogAssemblyErrors (0ms)
				InitializePlatformSupportModulesInManaged (4ms)
				SetLoadedEditorAssemblies (0ms)
				RefreshPlugins (0ms)
				BeforeProcessingInitializeOnLoad (43ms)
				ProcessInitializeOnLoadAttributes (167ms)
				ProcessInitializeOnLoadMethodAttributes (6ms)
				AfterProcessingInitializeOnLoad (2ms)
				EditorAssembliesLoaded (0ms)
			ExecutionOrderSort2 (0ms)
			AwakeInstancesAfterBackupRestoration (11ms)
Platform modules already initialized, skipping
Refreshing native plugins compatible for Editor in 0.44 ms, found 3 plugins.
Preloading 0 native plugins for Editor in 0.00 ms.
Unloading 2119 Unused Serialized files (Serialized files now loaded: 0)
System memory in use before: 104.7 MB.
System memory in use after: 104.8 MB.

Unloading 15 unused Assets to reduce memory usage. Loaded Objects now: 2669.
Total: 2.881200 ms (FindLiveObjects: 0.181500 ms CreateObjectMapping: 0.049800 ms MarkObjects: 2.637100 ms  DeleteObjects: 0.011900 ms)

AssetImportParameters requested are different than current active one (requested -> active):
  custom:framework-win-MediaFoundation: 216162199b28c13a410421893ffa2e32 -> 
  custom:video-decoder-ogg-theora: a1e56fd34408186e4bbccfd4996cb3dc -> 
  custom:container-muxer-webm: aa71ff27fc2769a1b78a27578f13a17b -> 
  custom:container-demuxer-webm: 4f35f7cbe854078d1ac9338744f61a02 -> 
  custom:container-demuxer-ogg: 62fdf1f143b41e24485cea50d1cbac27 -> 
  custom:video-encoder-webm-vp8: eb34c28f22e8b96e1ab97ce403110664 -> 
  custom:video-decoder-webm-vp8: 9c59270c3fd7afecdb556c50c9e8de78 -> 
  custom:audio-decoder-ogg-vorbis: bf7c407c2cedff20999df2af8eb42d56 -> 
  custom:audio-encoder-webm-vorbis: bf7c407c2cedff20999df2af8eb42d56 -> 
========================================================================
Received Import Request.
  Time since last request: 3.785052 seconds.
  path: Assets/Scripts/StorageManager.cs
  artifactKey: Guid(2b0d4f5769f44da47a628645e7ec240f) Importer(815301076,1909f56bfc062723c751e8b465ee728b)
Start importing Assets/Scripts/StorageManager.cs using Guid(2b0d4f5769f44da47a628645e7ec240f) Importer(815301076,1909f56bfc062723c751e8b465ee728b)  -> (artifact id: '283aa558672c13416c33e558471437aa') in 0.004560 seconds 
========================================================================
Received Prepare
Registering precompiled user dll's ...
Registered in 0.001455 seconds.
Begin MonoManager ReloadAssembly
Native extension for WindowsStandalone target not found
Native extension for WebGL target not found
Refreshing native plugins compatible for Editor in 0.47 ms, found 3 plugins.
Preloading 0 native plugins for Editor in 0.00 ms.
Mono: successfully reloaded assembly
- Completed reload, in  0.809 seconds
Domain Reload Profiling:
	ReloadAssembly (810ms)
		BeginReloadAssembly (91ms)
			ExecutionOrderSort (0ms)
			DisableScriptedObjects (6ms)
			BackupInstance (0ms)
			ReleaseScriptingObjects (0ms)
			CreateAndSetChildDomain (30ms)
		EndReloadAssembly (671ms)
			LoadAssemblies (69ms)
			RebuildTransferFunctionScriptingTraits (0ms)
			SetupTypeCache (245ms)
			ReleaseScriptCaches (1ms)
			RebuildScriptCaches (41ms)
			SetupLoadedEditorAssemblies (227ms)
				LogAssemblyErrors (0ms)
				InitializePlatformSupportModulesInManaged (4ms)
				SetLoadedEditorAssemblies (0ms)
				RefreshPlugins (1ms)
				BeforeProcessingInitializeOnLoad (43ms)
				ProcessInitializeOnLoadAttributes (171ms)
				ProcessInitializeOnLoadMethodAttributes (6ms)
				AfterProcessingInitializeOnLoad (2ms)
				EditorAssembliesLoaded (0ms)
			ExecutionOrderSort2 (0ms)
			AwakeInstancesAfterBackupRestoration (11ms)
Platform modules already initialized, skipping
Refreshing native plugins compatible for Editor in 0.52 ms, found 3 plugins.
Preloading 0 native plugins for Editor in 0.00 ms.
Unloading 2119 Unused Serialized files (Serialized files now loaded: 0)
System memory in use before: 104.7 MB.
System memory in use after: 104.8 MB.

Unloading 15 unused Assets to reduce memory usage. Loaded Objects now: 2671.
Total: 3.468200 ms (FindLiveObjects: 0.286700 ms CreateObjectMapping: 0.052800 ms MarkObjects: 3.110800 ms  DeleteObjects: 0.016700 ms)

AssetImportParameters requested are different than current active one (requested -> active):
  custom:framework-win-MediaFoundation: 216162199b28c13a410421893ffa2e32 -> 
  custom:video-decoder-ogg-theora: a1e56fd34408186e4bbccfd4996cb3dc -> 
  custom:container-muxer-webm: aa71ff27fc2769a1b78a27578f13a17b -> 
  custom:container-demuxer-webm: 4f35f7cbe854078d1ac9338744f61a02 -> 
  custom:container-demuxer-ogg: 62fdf1f143b41e24485cea50d1cbac27 -> 
  custom:video-encoder-webm-vp8: eb34c28f22e8b96e1ab97ce403110664 -> 
  custom:video-decoder-webm-vp8: 9c59270c3fd7afecdb556c50c9e8de78 -> 
  custom:audio-decoder-ogg-vorbis: bf7c407c2cedff20999df2af8eb42d56 -> 
  custom:audio-encoder-webm-vorbis: bf7c407c2cedff20999df2af8eb42d56 -> 
========================================================================
Received Prepare
Registering precompiled user dll's ...
Registered in 0.001409 seconds.
Begin MonoManager ReloadAssembly
Native extension for WindowsStandalone target not found
Native extension for WebGL target not found
Refreshing native plugins compatible for Editor in 0.47 ms, found 3 plugins.
Preloading 0 native plugins for Editor in 0.00 ms.
Mono: successfully reloaded assembly
- Completed reload, in  0.795 seconds
Domain Reload Profiling:
	ReloadAssembly (795ms)
		BeginReloadAssembly (92ms)
			ExecutionOrderSort (0ms)
			DisableScriptedObjects (6ms)
			BackupInstance (0ms)
			ReleaseScriptingObjects (0ms)
			CreateAndSetChildDomain (31ms)
		EndReloadAssembly (656ms)
			LoadAssemblies (68ms)
			RebuildTransferFunctionScriptingTraits (0ms)
			SetupTypeCache (236ms)
			ReleaseScriptCaches (1ms)
			RebuildScriptCaches (42ms)
			SetupLoadedEditorAssemblies (223ms)
				LogAssemblyErrors (0ms)
				InitializePlatformSupportModulesInManaged (4ms)
				SetLoadedEditorAssemblies (0ms)
				RefreshPlugins (1ms)
				BeforeProcessingInitializeOnLoad (42ms)
				ProcessInitializeOnLoadAttributes (168ms)
				ProcessInitializeOnLoadMethodAttributes (6ms)
				AfterProcessingInitializeOnLoad (2ms)
				EditorAssembliesLoaded (0ms)
			ExecutionOrderSort2 (0ms)
			AwakeInstancesAfterBackupRestoration (12ms)
Platform modules already initialized, skipping
Refreshing native plugins compatible for Editor in 0.29 ms, found 3 plugins.
Preloading 0 native plugins for Editor in 0.00 ms.
Unloading 2119 Unused Serialized files (Serialized files now loaded: 0)
System memory in use before: 104.7 MB.
System memory in use after: 104.8 MB.

Unloading 15 unused Assets to reduce memory usage. Loaded Objects now: 2673.
Total: 2.785600 ms (FindLiveObjects: 0.176500 ms CreateObjectMapping: 0.050700 ms MarkObjects: 2.545000 ms  DeleteObjects: 0.012500 ms)

AssetImportParameters requested are different than current active one (requested -> active):
  custom:framework-win-MediaFoundation: 216162199b28c13a410421893ffa2e32 -> 
  custom:video-decoder-ogg-theora: a1e56fd34408186e4bbccfd4996cb3dc -> 
  custom:container-muxer-webm: aa71ff27fc2769a1b78a27578f13a17b -> 
  custom:container-demuxer-webm: 4f35f7cbe854078d1ac9338744f61a02 -> 
  custom:container-demuxer-ogg: 62fdf1f143b41e24485cea50d1cbac27 -> 
  custom:video-encoder-webm-vp8: eb34c28f22e8b96e1ab97ce403110664 -> 
  custom:video-decoder-webm-vp8: 9c59270c3fd7afecdb556c50c9e8de78 -> 
  custom:audio-decoder-ogg-vorbis: bf7c407c2cedff20999df2af8eb42d56 -> 
  custom:audio-encoder-webm-vorbis: bf7c407c2cedff20999df2af8eb42d56 -> 
========================================================================
Received Import Request.
  Time since last request: 19.131130 seconds.
  path: Assets/Scripts/Controllers/Inventories
  artifactKey: Guid(c5fd1a1a0ff09fb479728abcd91e23aa) Importer(815301076,1909f56bfc062723c751e8b465ee728b)
Start importing Assets/Scripts/Controllers/Inventories using Guid(c5fd1a1a0ff09fb479728abcd91e23aa) Importer(815301076,1909f56bfc062723c751e8b465ee728b)  -> (artifact id: 'd3d61622989537e21d15c4ef109d60a1') in 0.003636 seconds 
========================================================================
Received Import Request.
  Time since last request: 13.204358 seconds.
  path: Assets/Scripts/Controllers/Characters
  artifactKey: Guid(c5fd1a1a0ff09fb479728abcd91e23aa) Importer(815301076,1909f56bfc062723c751e8b465ee728b)
Start importing Assets/Scripts/Controllers/Characters using Guid(c5fd1a1a0ff09fb479728abcd91e23aa) Importer(815301076,1909f56bfc062723c751e8b465ee728b)  -> (artifact id: 'f1b24287126f8079dd3bbb43a03790ea') in 0.001171 seconds 
========================================================================
Received Import Request.
  Time since last request: 13.677064 seconds.
  path: Assets/Scripts/Controllers/New Folder
  artifactKey: Guid(2079ea6a0709816458228301c11e3928) Importer(815301076,1909f56bfc062723c751e8b465ee728b)
Start importing Assets/Scripts/Controllers/New Folder using Guid(2079ea6a0709816458228301c11e3928) Importer(815301076,1909f56bfc062723c751e8b465ee728b)  -> (artifact id: '18f0d8a55bdb68e15a2c3b783d87817b') in 0.001136 seconds 
========================================================================
Received Import Request.
  Time since last request: 6.097545 seconds.
  path: Assets/Scripts/Controllers/NPCController.cs
  artifactKey: Guid(173ec0a241c021d44bcf8a09ef7fcf3d) Importer(815301076,1909f56bfc062723c751e8b465ee728b)
Start importing Assets/Scripts/Controllers/NPCController.cs using Guid(173ec0a241c021d44bcf8a09ef7fcf3d) Importer(815301076,1909f56bfc062723c751e8b465ee728b)  -> (artifact id: 'f2af61257aea29465dc787f9226b866a') in 0.001047 seconds 
========================================================================
Received Import Request.
  Time since last request: 13.293766 seconds.
  path: Assets/Scripts/Controllers/Characters/Shop.cs
  artifactKey: Guid(85072c43e842d824c9d8166c3dc8d212) Importer(815301076,1909f56bfc062723c751e8b465ee728b)
Start importing Assets/Scripts/Controllers/Characters/Shop.cs using Guid(85072c43e842d824c9d8166c3dc8d212) Importer(815301076,1909f56bfc062723c751e8b465ee728b)  -> (artifact id: '3eb6594c4a6bcfbcf4faaabe2e8f339d') in 0.001046 seconds 
AssetImportWorkerClient::OnTransportError - code=2 error=End of file
